  test.c
G:\C program\2024c_code\test_2_18\test_2_18\test.c(7,2): warning C4013: “assert”未定义；假设外部返回 int
test.obj : error LNK2019: 无法解析的外部符号 _assert，函数 _my_strcpy 中引用了该符号
G:\C program\2024c_code\test_2_18\Debug\test_2_18.exe : fatal error LNK1120: 1 个无法解析的外部命令
